make.exe all --print-data-base --no-builtin-variables --no-builtin-rules --question
# GNU Make 4.4.1
# Built for Windows32
# Copyright (C) 1988-2023 Free Software Foundation, Inc.
# License GPLv3+: GNU GPL version 3 or later <https://gnu.org/licenses/gpl.html>
# This is free software: you are free to change and redistribute it.
# There is NO WARRANTY, to the extent permitted by law.

# Make data base, printed on Thu Apr 25 03:17:04 2024

# Variables

# environment
SYSTEMDRIVE = C:
# environment
LC_ALL = C
# environment
VBOX_HWVIRTEX_IGNORE_SVM_IN_USE = 1
# environment
EFC_20284 = 1
# environment
USERPROFILE = C:\Users\lucky
# environment
VBOX_MSI_INSTALL_PATH = C:\Program Files\Oracle\VirtualBox\
# environment
C_INCLUDE_PATH = C:\Users\lucky\scoop\apps\gcc\current\include
# environment
LOCALAPPDATA = C:\Users\lucky\AppData\Local
# makefile (from 'Makefile', line 6)
SRC_DIR := ./coding
# environment
VSCODE_CRASH_REPORTER_PROCESS_TYPE = extensionHost
# environment
VSCODE_CWD = C:\Users\lucky\AppData\Local\Programs\Microsoft VS Code
# environment
SYSTEMROOT = C:\WINDOWS
# environment
PROCESSOR_LEVEL = 25
# environment
PSMODULEPATH = C:\Program Files\WindowsPowerShell\Modules;C:\WINDOWS\system32\WindowsPowerShell\v1.0\Modules
# default
MAKE_COMMAND := C:/Users/lucky/scoop/apps/make/current/bin/make.exe
# automatic
@D = $(patsubst %/,%,$(patsubst %\,%,$(dir $@)))
# environment
CHROME_CRASHPAD_PIPE_NAME = \\.\pipe\crashpad_2528_OVSRMARKLEBGDQAV
# environment
VSCODE_HANDLES_UNCAUGHT_ERRORS = true
# default
.VARIABLES := 
# automatic
%D = $(patsubst %/,%,$(patsubst %\,%,$(dir $%)))
# automatic
^D = $( 
patsubst %/,%,$(patsubst %\,%,$(dir $^)))
# automatic
%F = $(notdir $%)
# environment
VSCODE_CODE_CACHE_PATH = C:\Users\lucky\AppData\Roaming\Code\CachedData\e170252f762678dec6ca2cc69aba1570769a5d39
# environment
LANG = C
# default
.LOADED := 
# environment
TMP = C:\Users\lucky\AppData\Local\Temp
# default
.INCLUDE_DIRS := .
# environment
PROCESSOR_ARCHITEW6432 = AMD64
# makefile
MAKEFLAGS = pqrR
# environment
ONEDRIVE = C:\Users\lucky\OneDrive
# makefile
CURDIR := c:/Users/lucky/Desktop/tictactoe
# environment
APPLICATION_INSIGHTS_NO_DIAGNOSTIC_CHANNEL = 1
# environment
VSCODE_L10N_BUNDLE_LOCATION = 
# automatic
*D = $(patsubst %/,%,$(patsubst %\,%,$(dir $*)))
# environment
PROGRAMFILES = C:\Program Files (x86)
# environment
MFLAGS = -pqrR
# default
.SHELLFLAGS := -c
# environment
COMMONPROGRAMW6432 = C:\Program Files\Common Files
# automatic
+D = $(patsubst %/,%,$(patsubst %\,%,$(dir $+)))
# makefile (from 'Makefile', line 1)
MAKEFILE_LIST := Makefile
# automatic
@F = $(notdir $@)
# environment
VSCODE_PID = 2528
# automatic
?D = $(patsubst %/,%,$(patsubst %\,%,$(dir $?)))
# automatic
*F = $(notdir $*)
# automatic
<D = $(patsubst %/,%,$(patsubst %\,%,$(dir $<)))
# environment
VSCODE_NLS_CONFIG = {"locale":"en-us","osLocale":"en-ca","availableLanguages":{},"_languagePackSupport":true}
# environment
ONEDRIVECONSUMER = C:\Users\lucky\OneDrive
# default
MAKE_HOST := Windows32
# environment
PROGRAMDATA = C:\ProgramData
# default
SHELL := sh.exe
# environment
HOMEPATH = \Users\lucky
# default
MAKECMDGOALS := all
# environment
DRIVERDATA = C:\Windows\System32\Drivers\DriverData
# environment
COMSPEC = C:\WINDOWS\system32\cmd.exe
# environment
WINDIR = C:\WINDOWS
# environment
MAKELEVEL := 0
# default
MAKE = $(MAKE_COMMAND)
# environment
PATH = C:\Program Files\Common Files\Oracle\Java\javapath;C:\Windows\system32;C:\Windows;C:\Windows\System32\Wbem;C:\Windows\System32\WindowsPowerShell\v1.0\;C:\Windows\System32\OpenSSH\;C:\Program Files (x86)\NVIDIA Corporation\PhysX\Common;C:\Program Files\NVIDIA Corporation\NVIDIA NvDLISR;C:\Program Files\Git\cmd;C:\WINDOWS\system32;C:\WINDOWS;C:\WINDOWS\System32\Wbem;C:\WINDOWS\System32\WindowsPowerShell\v1.0\;C:\WINDOWS\System32\OpenSSH\;C:\Program Files\dotnet\;C:\msys64\mingw64\bin;C:\Program Files\nodejs\;C:\Program Files (x86)\Windows Kits\10\Windows Performance Toolkit\;C:\Users\lucky\scoop\apps\gcc\current\bin;C:\Users\lucky\scoop\shims;C:\Users\lucky\AppData\Local\Programs\Python\Python310\Scripts\;C:\Users\lucky\AppData\Local\Programs\Python\Python310\;C:\Users\lucky\AppData\Local\Microsoft\WindowsApps;C:\Program Files\JetBrains\PyCharm Community Edition 2021.3.1\bin;;C:\Users\lucky\AppData\Local\Programs\Microsoft VS Code\bin;C:\Users\lucky\AppData\Local\GitHubDesktop\bin;C:\Users\lucky\AppData\Roaming\npm;C:\MinGW\bin
# environment
COMPUTERNAME = LUCKY
# default
MAKEFILES := 
# automatic
^F = $(notdir $^)
# environment
PROMPT = $P$G
# environment
LOGONSERVER = \\LUCKY
# environment
USERNAME = lucky
# environment
COMMONPROGRAMFILES = C:\Program Files (x86)\Common Files
# automatic
?F = $(notdir $?)
# environment
PROGRAMW6432 = C:\Program Files
# environment
PATHEXT = .COM;.EXE;.BAT;.CMD;.VBS;.VBE;.JS;.JSE;.WSF;.WSH;.MSC
# automatic
+F = $(notdir $+)
# environment
ORIGINAL_XDG_CURRENT_DESKTOP = undefined
# makefile (from 'Makefile', line 12)
OBJECTS := ./build/main.o ./build/mainmenu.o ./build/player.o ./build/rules.o ./build/tictactoe.o
# environment
USERDOMAIN = LUCKY
# 'override' directive
GNUMAKEFLAGS := 
# environment
OS = Windows_NT
# makefile
.DEFAULT_GOAL := all
# default
MAKE_VERSION := 4.4.1
# environment
PROGRAMFILES(X86) = C:\Program Files (x86)
# makefile (from 'Makefile', line 3)
LDFLAGS := -L./src/lib -lsfml-graphics -lsfml-window -lsfml-system -lsfml audio
# makefile (from 'Makefile', line 13)
EXECUTABLE := ./main.exe
# environment
USERDOMAIN_ROAMINGPROFILE = LUCKY
# environment
NUMBER_OF_PROCESSORS = 12
# environment
PUBLIC = C:\Users\Public
# environment
ASL.LOG = Destination=file
# environment
APPDATA = C:\Users\lucky\AppData\Roaming
# environment
HOMEDRIVE = C:
# environment
PROCESSOR_ARCHITECTURE = x86
# environment
CPLUS_INCLUDE_PATH = C:\Users\lucky\scoop\apps\gcc\current\include
# environment
PYCHARM COMMUNITY EDITION = C:\Program Files\JetBrains\PyCharm Community Edition 2021.3.1\bin;
# environment
VSCODE_AMD_ENTRYPOINT = vs/workbench/api/node/extensionHostProcess
# makefile (from 'Makefile', line 7)
BUILD_DIR := ./build
# environment
COMMONPROGRAMFILES(X86) = C:\Program Files (x86)\Common Files
# makefile (from 'Makefile', line 8)
BIN_DIR := .
# environment
ELECTRON_RUN_AS_NODE = 1
# environment
TEMP = C:\Users\lucky\AppData\Local\Temp
# environment
VSCODE_IPC_HOOK = \\.\pipe\8911144a-1.88.1-main-sock
# default
.RECIPEPREFIX := 
# automatic
<F = $(notdir $<)
# default
SUFFIXES := 
# environment
ALLUSERSPROFILE = C:\ProgramData
# environment
SESSIONNAME = Console
# makefile (from 'Makefile', line 2)
CXXFLAGS := -std=c++17 -Wall -I./src/include
# default
.FEATURES := target-specific order-only second-expansion else-if shortest-stem undefine oneshell nocomment grouped-target extra-prereqs notintermediate shell-export archives jobserver output-sync load dospaths
# environment
PROCESSOR_REVISION = 5000
# makefile (from 'Makefile', line 1)
CC := g++
# makefile (from 'Makefile', line 11)
SOURCES := ./coding/main.cpp ./coding/mainmenu.cpp ./coding/player.cpp ./coding/rules.cpp ./coding/tictactoe.cpp
# environment
PROCESSOR_IDENTIFIER = AMD64 Family 25 Model 80 Stepping 0, AuthenticAMD
# variable set hash-table stats:
# Load=106/1024=10%, Rehash=0, Collisions=11/150=7%

# Pattern-specific Variable Values

# No pattern-specific variable values.

# Directories

# coding (key c:/Users/lucky/Desktop/tictactoe/coding, mtime 1714028508): 17 files, no impossibilities.
# . (key c:/Users/lucky/Desktop/tictactoe, mtime 1714028507): 38 files, no impossibilities.
# ./coding (key c:/Users/lucky/Desktop/tictactoe/coding, mtime 1714028508): 17 files, no impossibilities.

# 72 files, no impossibilities in 3 directories.

# Implicit Rules

build/%.o: coding/%.cpp
#  recipe to execute (from 'Makefile', line 26):
	@echo "Creating build directory..."
	@mkdir -p $(BUILD_DIR)
	@echo "Compiling $<..."
	$(CC) $(CXXFLAGS) -c $< -o $@

# 1 implicit rules, 0 (0.0%) terminal.
# Files

# Not a target:
build/tictactoe.o:
#  Implicit rule search has not been done.
#  Modification time never checked.
#  File has not been updated.

main.exe: build/main.o build/mainmenu.o build/player.o build/rules.o build/tictactoe.o
#  Implicit rule search has not been done.
#  Last modified 2024-04-25 00:01:46
#  File has been updated.
#  Needs to be updated (-q is set).
# variable set hash-table stats:
# Load=0/32=0%, Rehash=0, Collisions=0/6=0%
#  recipe to execute (from 'Makefile', line 20):
	@echo "Linking..."
	@mkdir -p $(BIN_DIR)
	$(CC) $^ -o $@ $(LDFLAGS)

# Not a target:
build/mainmenu.o:
#  Implicit rule search has not been done.
#  Modification time never checked.
#  File has not been updated.

# Not a target:
Makefile:
#  Implicit rule search has been done.
#  File is secondary (prerequisite of .SECONDARY).
#  Last modified 2024-04-25 00:01:46
#  File has been updated.
#  Successfully updated.

# Not a target:
build/rules.o:
#  Implicit rule search has not been done.
#  Modification time never checked.
#  File has not been updated.

clean:
#  Phony target (prerequisite of .PHONY).
#  Implicit rule search has not been done.
#  File does not exist.
#  File has not been updated.
#  recipe to execute (from 'Makefile', line 32):
	@echo "Cleaning up..."
	rm -rf $(BUILD_DIR) $(EXECUTABLE)

# Not a target:
.DEFAULT:
#  Implicit rule search has not been done.
#  Modification time never checked.
#  File has not been updated.

all: main.exe
#  Phony target (prerequisite of .PHONY).
#  Command line target.
#  Implicit rule search has not been done.
#  File does not exist.
#  File has been updated.
#  Needs to be updated (-q is set).
# variable set hash-table stats:
# Load=0/32=0%, Rehash=0, Collisions=0/6=0%

# Not a target:
coding/main.cpp:
#  Implicit rule search has been done.
#  File is secondary (prerequisite of .SECONDARY).
#  Last modified 2024-04-25 00:01:47
#  File has been updated.
#  Successfully updated.

# Not a target:
build/player.o:
#  Implicit rule search has not been done.
#  Modification time never checked.
#  File has not been updated.

build/main.o: coding/main.cpp
#  Implicit rule search has been done.
#  Implicit/static pattern stem: 'main'
#  File does not exist.
#  File has been updated.
#  Needs to be updated (-q is set).
# automatic
# @ := build/main.o
# automatic
# * := main
# automatic
# < := coding/main.cpp
# automatic
# + := coding/main.cpp
# automatic
# % := 
# automatic
# ^ := coding/main.cpp
# automatic
# ? := coding/main.cpp
# automatic
# | := 
# variable set hash-table stats:
# Load=8/32=25%, Rehash=0, Collisions=3/17=18%
#  recipe to execute (from 'Makefile', line 26):
	@echo "Creating build directory..."
	@mkdir -p $(BUILD_DIR)
	@echo "Compiling $<..."
	$(CC) $(CXXFLAGS) -c $< -o $@

.PHONY: all clean
#  Implicit rule search has not been done.
#  Modification time never checked.
#  File has not been updated.

# files hash-table stats:
# Load=13/1024=1%, Rehash=0, Collisions=0/37=0%
# VPATH Search Paths

# No 'vpath' search paths.

# No general ('VPATH' variable) search path.

# strcache buffers: 1 (0) / strings = 64 / storage = 739 B / avg = 11 B
# current buf: size = 8174 B / used = 739 B / count = 64 / avg = 11 B

# strcache performance: lookups = 85 / hit rate = 24%
# hash-table stats:
# Load=64/8192=1%, Rehash=0, Collisions=0/85=0%
# Finished Make data base on Thu Apr 25 03:17:04 2024

 
